<?xml version="1.0" encoding="UTF-8" ?>
<testsuite failures="0" time="0.014" errors="2" skipped="2" tests="9" name="com.evolutiongaming.runner.RunTest">
  <properties>
    <property name="java.runtime.name" value="Java(TM) SE Runtime Environment"/>
    <property name="sun.boot.library.path" value="/home/stpl/Software/jdk1.7.0_79/jre/lib/amd64"/>
    <property name="java.vm.version" value="24.79-b02"/>
    <property name="java.vm.vendor" value="Oracle Corporation"/>
    <property name="maven.multiModuleProjectDirectory" value="/home/stpl/Documents/EvolutionGaming"/>
    <property name="java.vendor.url" value="http://java.oracle.com/"/>
    <property name="path.separator" value=":"/>
    <property name="guice.disable.misplaced.annotation.check" value="true"/>
    <property name="java.vm.name" value="Java HotSpot(TM) 64-Bit Server VM"/>
    <property name="file.encoding.pkg" value="sun.io"/>
    <property name="user.country" value="IN"/>
    <property name="sun.java.launcher" value="SUN_STANDARD"/>
    <property name="sun.os.patch.level" value="unknown"/>
    <property name="java.vm.specification.name" value="Java Virtual Machine Specification"/>
    <property name="user.dir" value="/home/stpl/Documents/EvolutionGaming"/>
    <property name="java.runtime.version" value="1.7.0_79-b15"/>
    <property name="java.awt.graphicsenv" value="sun.awt.X11GraphicsEnvironment"/>
    <property name="java.endorsed.dirs" value="/home/stpl/Software/jdk1.7.0_79/jre/lib/endorsed"/>
    <property name="os.arch" value="amd64"/>
    <property name="java.io.tmpdir" value="/tmp"/>
    <property name="line.separator" value="
"/>
    <property name="java.vm.specification.vendor" value="Oracle Corporation"/>
    <property name="os.name" value="Linux"/>
    <property name="classworlds.conf" value="/home/stpl/Software/apache-maven-3.3.9/bin/m2.conf"/>
    <property name="sun.jnu.encoding" value="UTF-8"/>
    <property name="java.library.path" value="/usr/java/packages/lib/amd64:/usr/lib64:/lib64:/lib:/usr/lib"/>
    <property name="java.specification.name" value="Java Platform API Specification"/>
    <property name="java.class.version" value="51.0"/>
    <property name="sun.management.compiler" value="HotSpot 64-Bit Tiered Compilers"/>
    <property name="os.version" value="3.13.0-108-generic"/>
    <property name="user.home" value="/home/stpl"/>
    <property name="user.timezone" value="Asia/Kolkata"/>
    <property name="java.awt.printerjob" value="sun.print.PSPrinterJob"/>
    <property name="file.encoding" value="UTF-8"/>
    <property name="java.specification.version" value="1.7"/>
    <property name="user.name" value="stpl"/>
    <property name="java.class.path" value="/home/stpl/Software/apache-maven-3.3.9/boot/plexus-classworlds-2.5.2.jar"/>
    <property name="java.vm.specification.version" value="1.7"/>
    <property name="sun.arch.data.model" value="64"/>
    <property name="java.home" value="/home/stpl/Software/jdk1.7.0_79/jre"/>
    <property name="sun.java.command" value="org.codehaus.plexus.classworlds.launcher.Launcher test"/>
    <property name="java.specification.vendor" value="Oracle Corporation"/>
    <property name="user.language" value="en"/>
    <property name="awt.toolkit" value="sun.awt.X11.XToolkit"/>
    <property name="java.vm.info" value="mixed mode"/>
    <property name="java.version" value="1.7.0_79"/>
    <property name="java.ext.dirs" value="/home/stpl/Software/jdk1.7.0_79/jre/lib/ext:/usr/java/packages/lib/ext"/>
    <property name="securerandom.source" value="file:/dev/./urandom"/>
    <property name="sun.boot.class.path" value="/home/stpl/Software/jdk1.7.0_79/jre/lib/resources.jar:/home/stpl/Software/jdk1.7.0_79/jre/lib/rt.jar:/home/stpl/Software/jdk1.7.0_79/jre/lib/sunrsasign.jar:/home/stpl/Software/jdk1.7.0_79/jre/lib/jsse.jar:/home/stpl/Software/jdk1.7.0_79/jre/lib/jce.jar:/home/stpl/Software/jdk1.7.0_79/jre/lib/charsets.jar:/home/stpl/Software/jdk1.7.0_79/jre/lib/jfr.jar:/home/stpl/Software/jdk1.7.0_79/jre/classes"/>
    <property name="java.vendor" value="Oracle Corporation"/>
    <property name="maven.home" value="/home/stpl/Software/apache-maven-3.3.9"/>
    <property name="file.separator" value="/"/>
    <property name="java.vendor.url.bug" value="http://bugreport.sun.com/bugreport/"/>
    <property name="sun.cpu.endian" value="little"/>
    <property name="sun.io.unicode.encoding" value="UnicodeLittle"/>
    <property name="sun.desktop" value="gnome"/>
    <property name="sun.cpu.isalist" value=""/>
  </properties>
  <testcase time="0.001" classname="| Computer | Продажа | 3 | 160 | 300 |" name="Given Switch to russian language"/>
  <testcase time="0" classname="| Computer | Продажа | 3 | 160 | 300 |" name="And Select Electrical Engineering"/>
  <testcase time="0.002" classname="| Computer | Продажа | 3 | 160 | 300 |" name="And Go to search and search for Computer"/>
  <testcase time="0" classname="| Computer | Продажа | 3 | 160 | 300 |" name="When Sort the result by price and select Продажа in transaction type"/>
  <testcase time="0" classname="| Computer | Продажа | 3 | 160 | 300 |" name="And Go to advance search and enter price between 160 and 300"/>
  <testcase time="0.002" classname="| Computer | Продажа | 3 | 160 | 300 |" name="Then Select 3 adds">
    <error message="java.util.Random.ints(II)Ljava/util/stream/IntStream;" type="java.lang.NoSuchMethodError">java.lang.NoSuchMethodError: java.util.Random.ints(II)Ljava/util/stream/IntStream;
	at com.evolutiongaming.ui.home.page.EvolutionGamingPage.randomNumber(EvolutionGamingPage.java:180)
	at com.evolutiongaming.ui.home.page.EvolutionGamingPage.selectCheckbox(EvolutionGamingPage.java:111)
	at com.evolutiongaming.stepDefinitions.ui.home.EvolutionGamingStepDef.select_random_adds(EvolutionGamingStepDef.java:56)
	at ✽.Then Select 3 adds(Home/EvolutionGaming.feature:11)
</error>
  </testcase>
  <testcase time="0.002" classname="| Computer | Продажа | 3 | 160 | 300 |" name="| Computer | Продажа | 3 | 160 | 300 |">
    <error message="java.util.Random.ints(II)Ljava/util/stream/IntStream;" type="java.lang.NoSuchMethodError">java.lang.NoSuchMethodError: java.util.Random.ints(II)Ljava/util/stream/IntStream;
	at com.evolutiongaming.ui.home.page.EvolutionGamingPage.randomNumber(EvolutionGamingPage.java:180)
	at com.evolutiongaming.ui.home.page.EvolutionGamingPage.selectCheckbox(EvolutionGamingPage.java:111)
	at com.evolutiongaming.stepDefinitions.ui.home.EvolutionGamingStepDef.select_random_adds(EvolutionGamingStepDef.java:56)
	at ✽.Then Select 3 adds(Home/EvolutionGaming.feature:11)
</error>
  </testcase>
  <testcase time="0.003" classname="| Computer | Продажа | 3 | 160 | 300 |" name="And Add adds to bookmark">
    <skipped/>
  </testcase>
  <testcase time="0.004" classname="| Computer | Продажа | 3 | 160 | 300 |" name="And Verify adds are moved to bookmark">
    <skipped/>
  </testcase>
</testsuite>